<?xml version="1.0" encoding="UTF-8" ?>
<testsuite failures="0" time="0.04" errors="0" skipped="0" tests="10" name="play.wordsearch.WordSearchTest">
  <properties>
    <property name="java.runtime.name" value="Java(TM) SE Runtime Environment"/>
    <property name="sun.boot.library.path" value="C:\Program Files\Java\JDK7\jre\bin"/>
    <property name="java.vm.version" value="24.151-b33"/>
    <property name="java.vm.vendor" value="Oracle Corporation"/>
    <property name="maven.multiModuleProjectDirectory" value="C:\Users\mukundan\workspace\wordsearch"/>
    <property name="java.vendor.url" value="http://java.oracle.com/"/>
    <property name="path.separator" value=";"/>
    <property name="guice.disable.misplaced.annotation.check" value="true"/>
    <property name="java.vm.name" value="Java HotSpot(TM) 64-Bit Server VM"/>
    <property name="file.encoding.pkg" value="sun.io"/>
    <property name="user.script" value=""/>
    <property name="user.country" value="US"/>
    <property name="sun.java.launcher" value="SUN_STANDARD"/>
    <property name="sun.os.patch.level" value="Service Pack 1"/>
    <property name="java.vm.specification.name" value="Java Virtual Machine Specification"/>
    <property name="user.dir" value="C:\Users\mukundan\workspace\wordsearch"/>
    <property name="java.runtime.version" value="1.7.0_151-b33"/>
    <property name="java.awt.graphicsenv" value="sun.awt.Win32GraphicsEnvironment"/>
    <property name="java.endorsed.dirs" value="C:\Program Files\Java\JDK7\jre\lib\endorsed"/>
    <property name="os.arch" value="amd64"/>
    <property name="java.io.tmpdir" value="C:\Users\mukundan\AppData\Local\Temp\"/>
    <property name="line.separator" value="
"/>
    <property name="java.vm.specification.vendor" value="Oracle Corporation"/>
    <property name="user.variant" value=""/>
    <property name="os.name" value="Windows 7"/>
    <property name="classworlds.conf" value="C:\apache-maven-3.5.3\bin\..\bin\m2.conf"/>
    <property name="sun.jnu.encoding" value="Cp1252"/>
    <property name="java.library.path" value="C:\Program Files\Java\JDK7\bin;C:\Windows\Sun\Java\bin;C:\Windows\system32;C:\Windows;C:\Program Files (x86)\NVIDIA Corporation\PhysX\Common;C:\ProgramData\Oracle\Java\javapath;C:\PROGRAM FILES\COMMON FILES\MICROSOFT SHARED\WINDOWS LIVE;C:\PROGRAM FILES (X86)\COMMON FILES\MICROSOFT SHARED\WINDOWS LIVE;C:\Windows\SYSTEM32;C:\Windows;C:\Windows\SYSTEM32\WBEM;C:\Windows\SYSTEM32\WINDOWSPOWERSHELL\V1.0\;C:\PROGRAM FILES\BROADCOM\BROADCOM 802.11 NETWORK ADAPTER\DRIVER;C:\Program Files\Java\JDK7\BIN;C:\PROGRAM FILES (X86)\WINDOWS LIVE\SHARED;C:\apache-ant-1.8.2\BIN;C:\Program Files\WIDCOMM\Bluetooth Software\;C:\Program Files\WIDCOMM\Bluetooth Software\syswow64;C:\Program Files\Git\cmd;C:\apache-maven-3.5.3\bin;;C:\Program Files\Docker Toolbox;."/>
    <property name="maven.conf" value="C:\apache-maven-3.5.3\bin\../conf"/>
    <property name="java.specification.name" value="Java Platform API Specification"/>
    <property name="java.class.version" value="51.0"/>
    <property name="sun.management.compiler" value="HotSpot 64-Bit Tiered Compilers"/>
    <property name="os.version" value="6.1"/>
    <property name="library.jansi.path" value="C:\apache-maven-3.5.3\bin\..\lib\jansi-native"/>
    <property name="user.home" value="C:\Users\mukundan"/>
    <property name="user.timezone" value="America/Chicago"/>
    <property name="java.awt.printerjob" value="sun.awt.windows.WPrinterJob"/>
    <property name="java.specification.version" value="1.7"/>
    <property name="file.encoding" value="Cp1252"/>
    <property name="user.name" value="mukundan"/>
    <property name="java.class.path" value="C:\apache-maven-3.5.3\bin\..\boot\plexus-classworlds-2.5.2.jar"/>
    <property name="java.vm.specification.version" value="1.7"/>
    <property name="sun.arch.data.model" value="64"/>
    <property name="java.home" value="C:\Program Files\Java\JDK7\jre"/>
    <property name="sun.java.command" value="org.codehaus.plexus.classworlds.launcher.Launcher test"/>
    <property name="java.specification.vendor" value="Oracle Corporation"/>
    <property name="user.language" value="en"/>
    <property name="awt.toolkit" value="sun.awt.windows.WToolkit"/>
    <property name="java.vm.info" value="mixed mode"/>
    <property name="java.version" value="1.7.0_151"/>
    <property name="java.ext.dirs" value="C:\Program Files\Java\JDK7\jre\lib\ext;C:\Windows\Sun\Java\lib\ext"/>
    <property name="sun.boot.class.path" value="C:\Program Files\Java\JDK7\jre\lib\resources.jar;C:\Program Files\Java\JDK7\jre\lib\rt.jar;C:\Program Files\Java\JDK7\jre\lib\sunrsasign.jar;C:\Program Files\Java\JDK7\jre\lib\jsse.jar;C:\Program Files\Java\JDK7\jre\lib\jce.jar;C:\Program Files\Java\JDK7\jre\lib\charsets.jar;C:\Program Files\Java\JDK7\jre\lib\jfr.jar;C:\Program Files\Java\JDK7\jre\classes"/>
    <property name="java.vendor" value="Oracle Corporation"/>
    <property name="maven.home" value="C:\apache-maven-3.5.3\bin\.."/>
    <property name="file.separator" value="\"/>
    <property name="java.vendor.url.bug" value="http://bugreport.sun.com/bugreport/"/>
    <property name="sun.cpu.endian" value="little"/>
    <property name="sun.io.unicode.encoding" value="UnicodeLittle"/>
    <property name="sun.desktop" value="windows"/>
    <property name="sun.cpu.isalist" value="amd64"/>
  </properties>
  <testcase time="0.03" classname="play.wordsearch.WordSearchTest" name="whenInputFileSuppliedToWordSearchHasOnlyTheSearchWordsAndNoAlphaGridThrowError"/>
  <testcase time="0" classname="play.wordsearch.WordSearchTest" name="whenInputFileSuppliedToWordSearchHasSearchWordsAndElementsAreNotSingleLettersThrowError"/>
  <testcase time="0" classname="play.wordsearch.WordSearchTest" name="whenNullFileNameIsSuppliedToWordSearchThrowError"/>
  <testcase time="0" classname="play.wordsearch.WordSearchTest" name="whenInputFileSuppliedToWordSearchIsMinimalAndGoodWithSearchTwoWordsDown"/>
  <testcase time="0" classname="play.wordsearch.WordSearchTest" name="whenInputFileSuppliedToWordSearchIsMinimalAndGoodWithTwoWords"/>
  <testcase time="0.01" classname="play.wordsearch.WordSearchTest" name="whenInputFileSuppliedToWordSearchIsMinimalAndGoodWithSearchOneWordDown"/>
  <testcase time="0" classname="play.wordsearch.WordSearchTest" name="whenEmptyFileNameIsSuppliedToWordSearchThrowError"/>
  <testcase time="0" classname="play.wordsearch.WordSearchTest" name="whenInputFileSuppliedToWordSearchIsMinimalAndGood"/>
  <testcase time="0" classname="play.wordsearch.WordSearchTest" name="whenEmptyFileIsSuppliedToWordSearchThrowError"/>
  <testcase time="0" classname="play.wordsearch.WordSearchTest" name="whenInputFileSuppliedToWordSearchHasSearchWordsAndIncompleteAlphaGridThrowError"/>
</testsuite>